<?xml version="1.0" encoding="UTF-8"?>
<testng-results ignored="0" total="1" passed="1" failed="0" skipped="0">
  <reporter-output>
  </reporter-output>
  <suite started-at="2021-08-05T17:14:06 IST" name="Default suite" finished-at="2021-08-05T17:14:22 IST" duration-ms="15905">
    <groups>
    </groups>
    <test started-at="2021-08-05T17:14:06 IST" name="Default test" finished-at="2021-08-05T17:14:22 IST" duration-ms="15905">
      <class name="com.git.Logintest">
        <test-method is-config="true" signature="setUp()[pri:0, instance:com.git.Logintest@647fd8ce]" started-at="2021-08-05T17:14:06 IST" name="setUp" finished-at="2021-08-05T17:14:17 IST" duration-ms="10663" status="PASS">
          <reporter-output>
          </reporter-output>
        </test-method> <!-- setUp -->
        <test-method signature="doLogin()[pri:0, instance:com.git.Logintest@647fd8ce]" started-at="2021-08-05T17:14:17 IST" name="doLogin" finished-at="2021-08-05T17:14:20 IST" duration-ms="3552" status="PASS">
          <reporter-output>
          </reporter-output>
        </test-method> <!-- doLogin -->
        <test-method is-config="true" signature="tearDown()[pri:0, instance:com.git.Logintest@647fd8ce]" started-at="2021-08-05T17:14:20 IST" name="tearDown" finished-at="2021-08-05T17:14:22 IST" duration-ms="1661" status="PASS">
          <reporter-output>
          </reporter-output>
        </test-method> <!-- tearDown -->
      </class> <!-- com.git.Logintest -->
    </test> <!-- Default test -->
  </suite> <!-- Default suite -->
</testng-results>
